Using pre-set license
Built from '2020.3/staging' branch; Version is '2020.3.14f1 (d0d1bb862f9d) revision 13685179'; Using compiler version '192528614'; Build Type 'Release'
OS: 'Windows 10 Home; OS build 19042.1288; Version 2009; 64bit' Language: 'en' Physical Memory: 16205 MB
BatchMode: 1, IsHumanControllingUs: 0, StartBugReporterOnCrash: 0, Is64bit: 1, IsPro: 0

 COMMAND LINE ARGUMENTS:
C:\Program Files\Unity\Editor\Unity.exe
-adb2
-batchMode
-noUpm
-name
AssetImportWorker0
-projectPath
C:/Users/chris/Desktop/Game/Unity/Roll-a-Ball/Roll a ball
-logFile
Logs/AssetImportWorker0.log
-srvPort
49373
Successfully changed project path to: C:/Users/chris/Desktop/Game/Unity/Roll-a-Ball/Roll a ball
C:/Users/chris/Desktop/Game/Unity/Roll-a-Ball/Roll a ball
Using Asset Import Pipeline V2.
Refreshing native plugins compatible for Editor in 288.16 ms, found 2 plugins.
Preloading 0 native plugins for Editor in 0.00 ms.
Initialize engine version: 2020.3.14f1 (d0d1bb862f9d)
[Subsystems] Discovering subsystems at path C:/Program Files/Unity/Editor/Data/Resources/UnitySubsystems
[Subsystems] Discovering subsystems at path C:/Users/chris/Desktop/Game/Unity/Roll-a-Ball/Roll a ball/Assets
GfxDevice: creating device client; threaded=0
Direct3D:
    Version:  Direct3D 11.0 [level 11.1]
    Renderer: NVIDIA GeForce RTX 3060 Laptop GPU (ID=0x2520)
    Vendor:   
    VRAM:     6023 MB
    Driver:   27.21.14.6140
Shader 'Universal Render Pipeline/Particles/Lit': fallback shader 'Universal Render Pipeline/Particles/SimpleLit' not found
Initialize mono
Mono path[0] = 'C:/Program Files/Unity/Editor/Data/Managed'
Mono path[1] = 'C:/Program Files/Unity/Editor/Data/MonoBleedingEdge/lib/mono/unityjit'
Mono config path = 'C:/Program Files/Unity/Editor/Data/MonoBleedingEdge/etc'
Using monoOptions --debugger-agent=transport=dt_socket,embedding=1,server=y,suspend=n,address=127.0.0.1:56216
Begin MonoManager ReloadAssembly
Registering precompiled unity dll's ...
Register platform support module: C:/Program Files/Unity/Editor/Data/PlaybackEngines/WindowsStandaloneSupport/UnityEditor.WindowsStandalone.Extensions.dll
Registered in 0.003254 seconds.
Native extension for WindowsStandalone target not found
Refreshing native plugins compatible for Editor in 185.83 ms, found 2 plugins.
Preloading 0 native plugins for Editor in 0.00 ms.
Mono: successfully reloaded assembly
- Completed reload, in  2.112 seconds
Domain Reload Profiling:
	ReloadAssembly (2113ms)
		BeginReloadAssembly (155ms)
			ExecutionOrderSort (0ms)
			DisableScriptedObjects (0ms)
			BackupInstance (0ms)
			ReleaseScriptingObjects (0ms)
			CreateAndSetChildDomain (2ms)
		EndReloadAssembly (760ms)
			LoadAssemblies (145ms)
			RebuildTransferFunctionScriptingTraits (0ms)
			SetupTypeCache (214ms)
			ReleaseScriptCaches (0ms)
			RebuildScriptCaches (48ms)
			SetupLoadedEditorAssemblies (400ms)
				LogAssemblyErrors (0ms)
				InitializePlatformSupportModulesInManaged (5ms)
				SetLoadedEditorAssemblies (0ms)
				RefreshPlugins (186ms)
				BeforeProcessingInitializeOnLoad (40ms)
				ProcessInitializeOnLoadAttributes (131ms)
				ProcessInitializeOnLoadMethodAttributes (37ms)
				AfterProcessingInitializeOnLoad (0ms)
				EditorAssembliesLoaded (0ms)
			ExecutionOrderSort2 (0ms)
			AwakeInstancesAfterBackupRestoration (0ms)
Platform modules already initialized, skipping
Registering precompiled user dll's ...
Registered in 0.008201 seconds.
Begin MonoManager ReloadAssembly
Native extension for WindowsStandalone target not found
Refreshing native plugins compatible for Editor in 195.77 ms, found 2 plugins.
Preloading 0 native plugins for Editor in 0.00 ms.
Mono: successfully reloaded assembly
- Completed reload, in  2.609 seconds
Domain Reload Profiling:
	ReloadAssembly (2610ms)
		BeginReloadAssembly (202ms)
			ExecutionOrderSort (0ms)
			DisableScriptedObjects (6ms)
			BackupInstance (0ms)
			ReleaseScriptingObjects (0ms)
			CreateAndSetChildDomain (22ms)
		EndReloadAssembly (2316ms)
			LoadAssemblies (145ms)
			RebuildTransferFunctionScriptingTraits (0ms)
			SetupTypeCache (920ms)
			ReleaseScriptCaches (1ms)
			RebuildScriptCaches (137ms)
			SetupLoadedEditorAssemblies (882ms)
				LogAssemblyErrors (0ms)
				InitializePlatformSupportModulesInManaged (5ms)
				SetLoadedEditorAssemblies (0ms)
				RefreshPlugins (196ms)
				BeforeProcessingInitializeOnLoad (196ms)
				ProcessInitializeOnLoadAttributes (408ms)
				ProcessInitializeOnLoadMethodAttributes (66ms)
				AfterProcessingInitializeOnLoad (10ms)
				EditorAssembliesLoaded (0ms)
			ExecutionOrderSort2 (0ms)
			AwakeInstancesAfterBackupRestoration (8ms)
Platform modules already initialized, skipping
========================================================================
Worker process is ready to serve import requests
Shader 'Universal Render Pipeline/Particles/Lit': fallback shader 'Universal Render Pipeline/Particles/SimpleLit' not found
Launched and connected shader compiler UnityShaderCompiler.exe after 0.06 seconds
Refreshing native plugins compatible for Editor in 1.95 ms, found 2 plugins.
Preloading 0 native plugins for Editor in 0.00 ms.
Unloading 4747 Unused Serialized files (Serialized files now loaded: 0)
System memory in use before: 220.0 MB.
System memory in use after: 145.8 MB.

Unloading 21 unused Assets to reduce memory usage. Loaded Objects now: 5189.
Total: 9.749900 ms (FindLiveObjects: 0.791900 ms CreateObjectMapping: 0.681200 ms MarkObjects: 8.119500 ms  DeleteObjects: 0.155200 ms)

AssetImportParameters requested are different than current active one (requested -> active):
  custom:framework-win-MediaFoundation: 216162199b28c13a410421893ffa2e32 -> 
  custom:video-decoder-ogg-theora: a1e56fd34408186e4bbccfd4996cb3dc -> 
  custom:container-muxer-webm: aa71ff27fc2769a1b78a27578f13a17b -> 
  custom:container-demuxer-webm: 4f35f7cbe854078d1ac9338744f61a02 -> 
  custom:container-demuxer-ogg: 62fdf1f143b41e24485cea50d1cbac27 -> 
  custom:video-encoder-webm-vp8: eb34c28f22e8b96e1ab97ce403110664 -> 
  custom:video-decoder-webm-vp8: 9c59270c3fd7afecdb556c50c9e8de78 -> 
  custom:audio-decoder-ogg-vorbis: bf7c407c2cedff20999df2af8eb42d56 -> 
  custom:audio-encoder-webm-vorbis: bf7c407c2cedff20999df2af8eb42d56 -> 
========================================================================
Received Import Request.
  path: Assets/Template/Materials
  artifactKey: Guid(d0234ba368eeec9418390da711bfdad0) Importer(815301076,1909f56bfc062723c751e8b465ee728b)
Start importing Assets/Template/Materials using Guid(d0234ba368eeec9418390da711bfdad0) Importer(815301076,1909f56bfc062723c751e8b465ee728b)  -> (artifact id: 'dd1fccef896d48891410691dfde716e5') in 0.014544 seconds 
  Import took 0.029174 seconds .

========================================================================
Received Import Request.
  Time since last request: 0.000699 seconds.
  path: Assets/Template/Materials/Skybox_Mat.mat
  artifactKey: Guid(0ffaa0b7117ba8c47a9d05ae701d4b4d) Importer(815301076,1909f56bfc062723c751e8b465ee728b)
Start importing Assets/Template/Materials/Skybox_Mat.mat using Guid(0ffaa0b7117ba8c47a9d05ae701d4b4d) Importer(815301076,1909f56bfc062723c751e8b465ee728b)  -> (artifact id: 'ab5c745ae84825ec27811720b13aafa7') in 0.709549 seconds 
  Import took 0.725199 seconds .

========================================================================
Received Import Request.
  Time since last request: 20.390868 seconds.
  path: Assets/Materials/texture/Materials
  artifactKey: Guid(5e6f6319deebe064397d017239c3f361) Importer(815301076,1909f56bfc062723c751e8b465ee728b)
Start importing Assets/Materials/texture/Materials using Guid(5e6f6319deebe064397d017239c3f361) Importer(815301076,1909f56bfc062723c751e8b465ee728b)  -> (artifact id: '875c5835e698635073e3481844afacea') in 0.005953 seconds 
  Import took 0.019977 seconds .

========================================================================
Received Import Request.
  Time since last request: 0.074621 seconds.
  path: Assets/Materials/texture/Materials/graas.mat
  artifactKey: Guid(7f96e1fb062279249b8dce75a6af2413) Importer(815301076,1909f56bfc062723c751e8b465ee728b)
Start importing Assets/Materials/texture/Materials/graas.mat using Guid(7f96e1fb062279249b8dce75a6af2413) Importer(815301076,1909f56bfc062723c751e8b465ee728b)  -> (artifact id: 'f6b2cbc0a7b92c62d31c785fc7b1b4c9') in 0.038273 seconds 
  Import took 0.052947 seconds .

========================================================================
Received Import Request.
  Time since last request: 3.103639 seconds.
  path: Assets/Input/InputActions.inputactions
  artifactKey: Guid(fe467f5d615543a499c45c2cd1607ea6) Importer(815301076,1909f56bfc062723c751e8b465ee728b)
Start importing Assets/Input/InputActions.inputactions using Guid(fe467f5d615543a499c45c2cd1607ea6) Importer(815301076,1909f56bfc062723c751e8b465ee728b)  -> (artifact id: 'a0b66ee10a1870302283be5ce995348e') in 0.045634 seconds 
  Import took 0.061657 seconds .

========================================================================
Received Import Request.
  Time since last request: 19.271316 seconds.
  path: Assets/Materials/grass.mat
  artifactKey: Guid(94ec526b0b55e6345971275bce9c4f6e) Importer(815301076,1909f56bfc062723c751e8b465ee728b)
Start importing Assets/Materials/grass.mat using Guid(94ec526b0b55e6345971275bce9c4f6e) Importer(815301076,1909f56bfc062723c751e8b465ee728b)  -> (artifact id: '68cdfd9671b9490af897513255c6a653') in 0.021231 seconds 
  Import took 0.034558 seconds .

========================================================================
Received Import Request.
  Time since last request: 484.930113 seconds.
  path: Assets/Template/Presets/AudioCompressedInMemory.preset
  artifactKey: Guid(2dd802e4d37c65149922028d3e973832) Importer(815301076,1909f56bfc062723c751e8b465ee728b)
Start importing Assets/Template/Presets/AudioCompressedInMemory.preset using Guid(2dd802e4d37c65149922028d3e973832) Importer(815301076,1909f56bfc062723c751e8b465ee728b)  -> (artifact id: '26a04a19e666dadc0ee4954e024dfc07') in 0.008894 seconds 
  Import took 0.019543 seconds .

========================================================================
Received Import Request.
  Time since last request: 0.000522 seconds.
  path: Assets/Template/Presets/AudioStreaming.preset
  artifactKey: Guid(86bcce7f5575b54408aa0f3a7d321039) Importer(815301076,1909f56bfc062723c751e8b465ee728b)
Start importing Assets/Template/Presets/AudioStreaming.preset using Guid(86bcce7f5575b54408aa0f3a7d321039) Importer(815301076,1909f56bfc062723c751e8b465ee728b)  -> (artifact id: 'fa9f1027fa5c4a7cc7b3a8d749f80ebb') in 0.006766 seconds 
  Import took 0.021412 seconds .

========================================================================
Received Import Request.
  Time since last request: 0.001156 seconds.
  path: Assets/Template/Presets/NormalTexture.preset
  artifactKey: Guid(14a57cf3b9fa1c74b884aa7e0dcf1faa) Importer(815301076,1909f56bfc062723c751e8b465ee728b)
Start importing Assets/Template/Presets/NormalTexture.preset using Guid(14a57cf3b9fa1c74b884aa7e0dcf1faa) Importer(815301076,1909f56bfc062723c751e8b465ee728b)  -> (artifact id: 'd51e5aba4342805a0e243507bce95ef1') in 0.012595 seconds 
  Import took 0.030627 seconds .

========================================================================
Received Import Request.
  Time since last request: 0.000684 seconds.
  path: Assets/Template/Presets/UtilityTexture.preset
  artifactKey: Guid(45f7b2e3c78185248b3adbb14429c2ab) Importer(815301076,1909f56bfc062723c751e8b465ee728b)
Start importing Assets/Template/Presets/UtilityTexture.preset using Guid(45f7b2e3c78185248b3adbb14429c2ab) Importer(815301076,1909f56bfc062723c751e8b465ee728b)  -> (artifact id: '8ab814cf17182d89323917e17d4fffb9') in 0.016885 seconds 
  Import took 0.034910 seconds .

========================================================================
Received Import Request.
  Time since last request: 0.002003 seconds.
  path: Assets/Template/Presets/UtilityTexture.preset
  artifactKey: Guid(45f7b2e3c78185248b3adbb14429c2ab) Importer(815301076,1909f56bfc062723c751e8b465ee728b)
Start importing Assets/Template/Presets/UtilityTexture.preset using Guid(45f7b2e3c78185248b3adbb14429c2ab) Importer(815301076,1909f56bfc062723c751e8b465ee728b)  -> (artifact id: '8ab814cf17182d89323917e17d4fffb9') in 0.010318 seconds 
  Import took 0.030772 seconds .

========================================================================
Received Import Request.
  Time since last request: 442.914768 seconds.
  path: Assets/gass.shadergraph
  artifactKey: Guid(5f7d101ed53f32746a208eaa808bce4e) Importer(815301076,1909f56bfc062723c751e8b465ee728b)
Start importing Assets/gass.shadergraph using Guid(5f7d101ed53f32746a208eaa808bce4e) Importer(815301076,1909f56bfc062723c751e8b465ee728b)  -> (artifact id: '92131f78b117e5edf847181920c8ac59') in 0.011133 seconds 
  Import took 0.026716 seconds .

========================================================================
Received Import Request.
  Time since last request: 0.646462 seconds.
  path: Assets/gass.shadergraph
  artifactKey: Guid(5f7d101ed53f32746a208eaa808bce4e) Importer(815301076,1909f56bfc062723c751e8b465ee728b)
Start importing Assets/gass.shadergraph using Guid(5f7d101ed53f32746a208eaa808bce4e) Importer(815301076,1909f56bfc062723c751e8b465ee728b)  -> (artifact id: '92131f78b117e5edf847181920c8ac59') in 0.008051 seconds 
  Import took 0.025773 seconds .

========================================================================
Received Import Request.
  Time since last request: 22.209532 seconds.
  path: Assets/gass.shadergraph
  artifactKey: Guid(5f7d101ed53f32746a208eaa808bce4e) Importer(815301076,1909f56bfc062723c751e8b465ee728b)
Start importing Assets/gass.shadergraph using Guid(5f7d101ed53f32746a208eaa808bce4e) Importer(815301076,1909f56bfc062723c751e8b465ee728b)  -> (artifact id: 'c6ae311d4443a2232100537dc8f652a1') in 0.006618 seconds 
  Import took 0.022212 seconds .

========================================================================
Received Import Request.
  Time since last request: 26.106636 seconds.
  path: Assets/Materials/grass 1.mat
  artifactKey: Guid(7f766af756b4d224ab031e6ff0ef5484) Importer(815301076,1909f56bfc062723c751e8b465ee728b)
Start importing Assets/Materials/grass 1.mat using Guid(7f766af756b4d224ab031e6ff0ef5484) Importer(815301076,1909f56bfc062723c751e8b465ee728b)  -> (artifact id: '6e23d6950e536b2470d63841a9d26b18') in 0.030172 seconds 
  Import took 0.042160 seconds .

========================================================================
Received Import Request.
  Time since last request: 0.000529 seconds.
  path: Assets/Materials/grass.mat
  artifactKey: Guid(94ec526b0b55e6345971275bce9c4f6e) Importer(815301076,1909f56bfc062723c751e8b465ee728b)
Start importing Assets/Materials/grass.mat using Guid(94ec526b0b55e6345971275bce9c4f6e) Importer(815301076,1909f56bfc062723c751e8b465ee728b)  -> (artifact id: '295b56ab3866c751b8606134fa5f6162') in 0.027357 seconds 
  Import took 0.041601 seconds .

========================================================================
Received Import Request.
  Time since last request: 29.978334 seconds.
  path: Assets/Materials/graas.mat
  artifactKey: Guid(7f96e1fb062279249b8dce75a6af2413) Importer(815301076,1909f56bfc062723c751e8b465ee728b)
Start importing Assets/Materials/graas.mat using Guid(7f96e1fb062279249b8dce75a6af2413) Importer(815301076,1909f56bfc062723c751e8b465ee728b)  -> (artifact id: '3fa632987f62238d7e6fc3cfd27d79d1') in 0.015964 seconds 
  Import took 0.027162 seconds .

========================================================================
Received Import Request.
  Time since last request: 1012.302279 seconds.
  path: Assets/water.shadergraph
  artifactKey: Guid(5f7d101ed53f32746a208eaa808bce4e) Importer(815301076,1909f56bfc062723c751e8b465ee728b)
Start importing Assets/water.shadergraph using Guid(5f7d101ed53f32746a208eaa808bce4e) Importer(815301076,1909f56bfc062723c751e8b465ee728b)  -> (artifact id: 'f264361d7eadf717ebe043cbb25eb8a5') in 0.015571 seconds 
  Import took 0.040380 seconds .

========================================================================
Received Import Request.
  Time since last request: 102.214057 seconds.
  path: Assets/Materials/grass 1.mat
  artifactKey: Guid(7f766af756b4d224ab031e6ff0ef5484) Importer(815301076,1909f56bfc062723c751e8b465ee728b)
Start importing Assets/Materials/grass 1.mat using Guid(7f766af756b4d224ab031e6ff0ef5484) Importer(815301076,1909f56bfc062723c751e8b465ee728b)  -> (artifact id: '0d6c25a462cc8af0751471fc3e3f25fa') in 0.042465 seconds 
  Import took 0.069668 seconds .

========================================================================
Received Import Request.
  Time since last request: 0.000656 seconds.
  path: Assets/Materials/water.mat
  artifactKey: Guid(1799d44bebf4d39418b6a6c1babfa2ec) Importer(815301076,1909f56bfc062723c751e8b465ee728b)
Start importing Assets/Materials/water.mat using Guid(1799d44bebf4d39418b6a6c1babfa2ec) Importer(815301076,1909f56bfc062723c751e8b465ee728b)  -> (artifact id: '1b97103993f7117466c7fa28b7a3b020') in 0.022916 seconds 
  Import took 0.035872 seconds .

========================================================================
Received Import Request.
  Time since last request: 124.067344 seconds.
  path: Assets/Scenes
  artifactKey: Guid(f6c518dd982f66145a0f1b5ff65fd901) Importer(815301076,1909f56bfc062723c751e8b465ee728b)
Start importing Assets/Scenes using Guid(f6c518dd982f66145a0f1b5ff65fd901) Importer(815301076,1909f56bfc062723c751e8b465ee728b)  -> (artifact id: '6bc81a26e3e66c803ea1c58fceb8aa4b') in 0.008152 seconds 
  Import took 0.022255 seconds .

========================================================================
Received Import Request.
  Time since last request: 0.013124 seconds.
  path: Assets/Scenes
  artifactKey: Guid(f6c518dd982f66145a0f1b5ff65fd901) Importer(815301076,1909f56bfc062723c751e8b465ee728b)
Start importing Assets/Scenes using Guid(f6c518dd982f66145a0f1b5ff65fd901) Importer(815301076,1909f56bfc062723c751e8b465ee728b)  -> (artifact id: '6bc81a26e3e66c803ea1c58fceb8aa4b') in 0.005288 seconds 
  Import took 0.020726 seconds .

========================================================================
Received Import Request.
  Time since last request: 1596.949870 seconds.
  path: Assets/water.shadergraph
  artifactKey: Guid(5f7d101ed53f32746a208eaa808bce4e) Importer(815301076,1909f56bfc062723c751e8b465ee728b)
Start importing Assets/water.shadergraph using Guid(5f7d101ed53f32746a208eaa808bce4e) Importer(815301076,1909f56bfc062723c751e8b465ee728b)  -> (artifact id: '2a7fef10ddcd4170d1a04e942e1bcbc2') in 0.007225 seconds 
  Import took 0.023437 seconds .

========================================================================
Received Import Request.
  Time since last request: 327.500979 seconds.
  path: Assets/Materials/water.mat
  artifactKey: Guid(1799d44bebf4d39418b6a6c1babfa2ec) Importer(815301076,1909f56bfc062723c751e8b465ee728b)
Start importing Assets/Materials/water.mat using Guid(1799d44bebf4d39418b6a6c1babfa2ec) Importer(815301076,1909f56bfc062723c751e8b465ee728b)  -> (artifact id: '69e44103c34c9bebca54526688f0192c') in 0.744169 seconds 
  Import took 0.761473 seconds .

========================================================================
Received Prepare
Registering precompiled user dll's ...
Registered in 0.007548 seconds.
Begin MonoManager ReloadAssembly
Native extension for WindowsStandalone target not found
Refreshing native plugins compatible for Editor in 1.22 ms, found 2 plugins.
Preloading 0 native plugins for Editor in 0.00 ms.
Mono: successfully reloaded assembly
- Completed reload, in  2.536 seconds
Domain Reload Profiling:
	ReloadAssembly (2540ms)
		BeginReloadAssembly (448ms)
			ExecutionOrderSort (0ms)
			DisableScriptedObjects (24ms)
			BackupInstance (0ms)
			ReleaseScriptingObjects (0ms)
			CreateAndSetChildDomain (136ms)
		EndReloadAssembly (1954ms)
			LoadAssemblies (183ms)
			RebuildTransferFunctionScriptingTraits (0ms)
			SetupTypeCache (608ms)
			ReleaseScriptCaches (3ms)
			RebuildScriptCaches (147ms)
			SetupLoadedEditorAssemblies (645ms)
				LogAssemblyErrors (0ms)
				InitializePlatformSupportModulesInManaged (8ms)
				SetLoadedEditorAssemblies (1ms)
				RefreshPlugins (1ms)
				BeforeProcessingInitializeOnLoad (182ms)
				ProcessInitializeOnLoadAttributes (434ms)
				ProcessInitializeOnLoadMethodAttributes (9ms)
				AfterProcessingInitializeOnLoad (11ms)
				EditorAssembliesLoaded (0ms)
			ExecutionOrderSort2 (0ms)
			AwakeInstancesAfterBackupRestoration (23ms)
Platform modules already initialized, skipping
Shader 'Universal Render Pipeline/Particles/Lit': fallback shader 'Universal Render Pipeline/Particles/SimpleLit' not found
Refreshing native plugins compatible for Editor in 1.43 ms, found 2 plugins.
Preloading 0 native plugins for Editor in 0.00 ms.
Unloading 4488 Unused Serialized files (Serialized files now loaded: 0)
System memory in use before: 207.4 MB.
System memory in use after: 207.7 MB.

Unloading 14 unused Assets to reduce memory usage. Loaded Objects now: 5354.
Total: 5.338900 ms (FindLiveObjects: 0.587100 ms CreateObjectMapping: 0.383100 ms MarkObjects: 4.340500 ms  DeleteObjects: 0.026600 ms)

AssetImportParameters requested are different than current active one (requested -> active):
  custom:framework-win-MediaFoundation: 216162199b28c13a410421893ffa2e32 -> 
  custom:video-decoder-ogg-theora: a1e56fd34408186e4bbccfd4996cb3dc -> 
  custom:container-muxer-webm: aa71ff27fc2769a1b78a27578f13a17b -> 
  custom:container-demuxer-webm: 4f35f7cbe854078d1ac9338744f61a02 -> 
  custom:container-demuxer-ogg: 62fdf1f143b41e24485cea50d1cbac27 -> 
  custom:video-encoder-webm-vp8: eb34c28f22e8b96e1ab97ce403110664 -> 
  custom:video-decoder-webm-vp8: 9c59270c3fd7afecdb556c50c9e8de78 -> 
  custom:audio-decoder-ogg-vorbis: bf7c407c2cedff20999df2af8eb42d56 -> 
  custom:audio-encoder-webm-vorbis: bf7c407c2cedff20999df2af8eb42d56 -> 
========================================================================
Received Import Request.
  Time since last request: 1543.200815 seconds.
  path: Assets/Materials/G.mat
  artifactKey: Guid(80558400292dc3a419f6eb1e3c02077a) Importer(815301076,1909f56bfc062723c751e8b465ee728b)
Start importing Assets/Materials/G.mat using Guid(80558400292dc3a419f6eb1e3c02077a) Importer(815301076,1909f56bfc062723c751e8b465ee728b)  -> (artifact id: '0b77340158bfc3e35421883f1fa26e12') in 0.576699 seconds 
  Import took 0.590268 seconds .

========================================================================
Received Prepare
Registering precompiled user dll's ...
Registered in 0.009514 seconds.
Begin MonoManager ReloadAssembly
Native extension for WindowsStandalone target not found
Refreshing native plugins compatible for Editor in 4.80 ms, found 2 plugins.
Preloading 0 native plugins for Editor in 0.00 ms.
Mono: successfully reloaded assembly
- Completed reload, in  2.856 seconds
Domain Reload Profiling:
	ReloadAssembly (2857ms)
		BeginReloadAssembly (213ms)
			ExecutionOrderSort (0ms)
			DisableScriptedObjects (13ms)
			BackupInstance (0ms)
			ReleaseScriptingObjects (0ms)
			CreateAndSetChildDomain (60ms)
		EndReloadAssembly (2549ms)
			LoadAssemblies (145ms)
			RebuildTransferFunctionScriptingTraits (0ms)
			SetupTypeCache (656ms)
			ReleaseScriptCaches (2ms)
			RebuildScriptCaches (142ms)
			SetupLoadedEditorAssemblies (1107ms)
				LogAssemblyErrors (0ms)
				InitializePlatformSupportModulesInManaged (111ms)
				SetLoadedEditorAssemblies (3ms)
				RefreshPlugins (5ms)
				BeforeProcessingInitializeOnLoad (510ms)
				ProcessInitializeOnLoadAttributes (457ms)
				ProcessInitializeOnLoadMethodAttributes (9ms)
				AfterProcessingInitializeOnLoad (11ms)
				EditorAssembliesLoaded (0ms)
			ExecutionOrderSort2 (0ms)
			AwakeInstancesAfterBackupRestoration (32ms)
Platform modules already initialized, skipping
Shader 'Universal Render Pipeline/Particles/Lit': fallback shader 'Universal Render Pipeline/Particles/SimpleLit' not found
Refreshing native plugins compatible for Editor in 1.48 ms, found 2 plugins.
Preloading 0 native plugins for Editor in 0.00 ms.
Unloading 4488 Unused Serialized files (Serialized files now loaded: 0)
System memory in use before: 207.9 MB.
System memory in use after: 208.3 MB.

Unloading 14 unused Assets to reduce memory usage. Loaded Objects now: 5477.
Total: 8.106600 ms (FindLiveObjects: 0.802700 ms CreateObjectMapping: 0.621900 ms MarkObjects: 6.627500 ms  DeleteObjects: 0.051600 ms)

AssetImportParameters requested are different than current active one (requested -> active):
  custom:framework-win-MediaFoundation: 216162199b28c13a410421893ffa2e32 -> 
  custom:video-decoder-ogg-theora: a1e56fd34408186e4bbccfd4996cb3dc -> 
  custom:container-muxer-webm: aa71ff27fc2769a1b78a27578f13a17b -> 
  custom:container-demuxer-webm: 4f35f7cbe854078d1ac9338744f61a02 -> 
  custom:container-demuxer-ogg: 62fdf1f143b41e24485cea50d1cbac27 -> 
  custom:video-encoder-webm-vp8: eb34c28f22e8b96e1ab97ce403110664 -> 
  custom:video-decoder-webm-vp8: 9c59270c3fd7afecdb556c50c9e8de78 -> 
  custom:audio-decoder-ogg-vorbis: bf7c407c2cedff20999df2af8eb42d56 -> 
  custom:audio-encoder-webm-vorbis: bf7c407c2cedff20999df2af8eb42d56 -> 
========================================================================
Received Import Request.
  Time since last request: 757.889661 seconds.
  path: Assets/Materials/G.mat
  artifactKey: Guid(80558400292dc3a419f6eb1e3c02077a) Importer(815301076,1909f56bfc062723c751e8b465ee728b)
Start importing Assets/Materials/G.mat using Guid(80558400292dc3a419f6eb1e3c02077a) Importer(815301076,1909f56bfc062723c751e8b465ee728b)  -> (artifact id: '76f00b463958d25c1c870c6b7c277c63') in 0.375468 seconds 
  Import took 0.396501 seconds .

========================================================================
Received Import Request.
  Time since last request: 274.605244 seconds.
  path: Assets/Materials/water.mat
  artifactKey: Guid(1799d44bebf4d39418b6a6c1babfa2ec) Importer(815301076,1909f56bfc062723c751e8b465ee728b)
Start importing Assets/Materials/water.mat using Guid(1799d44bebf4d39418b6a6c1babfa2ec) Importer(815301076,1909f56bfc062723c751e8b465ee728b)  -> (artifact id: '6232543a5c3cf911ce603f8ea859f51d') in 0.058438 seconds 
  Import took 0.095572 seconds .

AssetImportWorkerClient::OnTransportError - code=2 error=End of file
